# JRE version: Java(TM) SE Runtime Environment (8.0_05-b13) (build 1.8.0_05-b13)
# Java VM: Java HotSpot(TM) 64-Bit Server VM (25.5-b02 mixed mode windows-amd64 compressed oops)
Heap:
 PSYoungGen      total 30720K, used 27004K [0x00000000d6100000, 0x00000000d8180000, 0x0000000100000000)
  eden space 28160K, 91% used [0x00000000d6100000,0x00000000d7a07578,0x00000000d7c80000)
  from space 2560K, 53% used [0x00000000d7f00000,0x00000000d8057d10,0x00000000d8180000)
  to   space 2560K, 0% used [0x00000000d7c80000,0x00000000d7c80000,0x00000000d7f00000)
 ParOldGen       total 127488K, used 56311K [0x0000000082200000, 0x0000000089e80000, 0x00000000d6100000)
  object space 127488K, 44% used [0x0000000082200000,0x00000000858fdcc0,0x0000000089e80000)
 Metaspace       used 8937K, capacity 9037K, committed 9216K, reserved 1056768K
  class space    used 862K, capacity 913K, committed 1024K, reserved 1048576K
GC Heap History (10 events):
Event: 3.675 GC heap before
{Heap before GC invocations=12 (full 0):
 PSYoungGen      total 8192K, used 6748K [0x00000000d6100000, 0x00000000d6e80000, 0x0000000100000000)
  eden space 6656K, 88% used [0x00000000d6100000,0x00000000d66c2df8,0x00000000d6780000)
  from space 1536K, 55% used [0x00000000d6780000,0x00000000d6854490,0x00000000d6900000)
  to   space 1536K, 0% used [0x00000000d6d00000,0x00000000d6d00000,0x00000000d6e80000)
 ParOldGen       total 127488K, used 12861K [0x0000000082200000, 0x0000000089e80000, 0x00000000d6100000)
  object space 127488K, 10% used [0x0000000082200000,0x0000000082e8f4a0,0x0000000089e80000)
 Metaspace       used 7937K, capacity 8027K, committed 8320K, reserved 1056768K
  class space    used 769K, capacity 816K, committed 896K, reserved 1048576K
Event: 3.677 GC heap after
Heap after GC invocations=12 (full 0):
 PSYoungGen      total 12288K, used 661K [0x00000000d6100000, 0x00000000d6e80000, 0x0000000100000000)
  eden space 10752K, 0% used [0x00000000d6100000,0x00000000d6100000,0x00000000d6b80000)
  from space 1536K, 43% used [0x00000000d6d00000,0x00000000d6da55b0,0x00000000d6e80000)
  to   space 1536K, 0% used [0x00000000d6b80000,0x00000000d6b80000,0x00000000d6d00000)
 ParOldGen       total 127488K, used 13441K [0x0000000082200000, 0x0000000089e80000, 0x00000000d6100000)
  object space 127488K, 10% used [0x0000000082200000,0x0000000082f205d0,0x0000000089e80000)
 Metaspace       used 7937K, capacity 8027K, committed 8320K, reserved 1056768K
  class space    used 769K, capacity 816K, committed 896K, reserved 1048576K
}
Event: 4.603 GC heap before
{Heap before GC invocations=13 (full 0):
 PSYoungGen      total 12288K, used 11407K [0x00000000d6100000, 0x00000000d6e80000, 0x0000000100000000)
  eden space 10752K, 99% used [0x00000000d6100000,0x00000000d6b7e7a8,0x00000000d6b80000)
  from space 1536K, 43% used [0x00000000d6d00000,0x00000000d6da55b0,0x00000000d6e80000)
  to   space 1536K, 0% used [0x00000000d6b80000,0x00000000d6b80000,0x00000000d6d00000)
 ParOldGen       total 127488K, used 13441K [0x0000000082200000, 0x0000000089e80000, 0x00000000d6100000)
  object space 127488K, 10% used [0x0000000082200000,0x0000000082f205d0,0x0000000089e80000)
 Metaspace       used 8468K, capacity 8583K, committed 8832K, reserved 1056768K
  class space    used 820K, capacity 848K, committed 896K, reserved 1048576K
Event: 4.622 GC heap after
Heap after GC invocations=13 (full 0):
 PSYoungGen      total 12288K, used 1522K [0x00000000d6100000, 0x00000000d7700000, 0x0000000100000000)
  eden space 10752K, 0% used [0x00000000d6100000,0x00000000d6100000,0x00000000d6b80000)
  from space 1536K, 99% used [0x00000000d6b80000,0x00000000d6cfc8e0,0x00000000d6d00000)
  to   space 2560K, 0% used [0x00000000d7480000,0x00000000d7480000,0x00000000d7700000)
 ParOldGen       total 127488K, used 15926K [0x0000000082200000, 0x0000000089e80000, 0x00000000d6100000)
  object space 127488K, 12% used [0x0000000082200000,0x000000008318daa0,0x0000000089e80000)
 Metaspace       used 8468K, capacity 8583K, committed 8832K, reserved 1056768K
  class space    used 820K, capacity 848K, committed 896K, reserved 1048576K
}
Event: 6.089 GC heap before
{Heap before GC invocations=14 (full 0):
 PSYoungGen      total 12288K, used 12274K [0x00000000d6100000, 0x00000000d7700000, 0x0000000100000000)
  eden space 10752K, 100% used [0x00000000d6100000,0x00000000d6b80000,0x00000000d6b80000)
  from space 1536K, 99% used [0x00000000d6b80000,0x00000000d6cfc8e0,0x00000000d6d00000)
  to   space 2560K, 0% used [0x00000000d7480000,0x00000000d7480000,0x00000000d7700000)
 ParOldGen       total 127488K, used 53017K [0x0000000082200000, 0x0000000089e80000, 0x00000000d6100000)
  object space 127488K, 41% used [0x0000000082200000,0x00000000855c64d0,0x0000000089e80000)
 Metaspace       used 8712K, capacity 8871K, committed 9088K, reserved 1056768K
  class space    used 845K, capacity 880K, committed 896K, reserved 1048576K
Event: 6.103 GC heap after
Heap after GC invocations=14 (full 0):
 PSYoungGen      total 19968K, used 866K [0x00000000d6100000, 0x00000000d7700000, 0x0000000100000000)
  eden space 17408K, 0% used [0x00000000d6100000,0x00000000d6100000,0x00000000d7200000)
  from space 2560K, 33% used [0x00000000d7480000,0x00000000d7558928,0x00000000d7700000)
  to   space 2560K, 0% used [0x00000000d7200000,0x00000000d7200000,0x00000000d7480000)
 ParOldGen       total 127488K, used 54165K [0x0000000082200000, 0x0000000089e80000, 0x00000000d6100000)
  object space 127488K, 42% used [0x0000000082200000,0x00000000856e5600,0x0000000089e80000)
 Metaspace       used 8712K, capacity 8871K, committed 9088K, reserved 1056768K
  class space    used 845K, capacity 880K, committed 896K, reserved 1048576K
}
Event: 6.387 GC heap before
{Heap before GC invocations=15 (full 0):
 PSYoungGen      total 19968K, used 18274K [0x00000000d6100000, 0x00000000d7700000, 0x0000000100000000)
  eden space 17408K, 100% used [0x00000000d6100000,0x00000000d7200000,0x00000000d7200000)
  from space 2560K, 33% used [0x00000000d7480000,0x00000000d7558928,0x00000000d7700000)
  to   space 2560K, 0% used [0x00000000d7200000,0x00000000d7200000,0x00000000d7480000)
 ParOldGen       total 127488K, used 54165K [0x0000000082200000, 0x0000000089e80000, 0x00000000d6100000)
  object space 127488K, 42% used [0x0000000082200000,0x00000000856e5600,0x0000000089e80000)
 Metaspace       used 8753K, capacity 8871K, committed 9088K, reserved 1056768K
  class space    used 845K, capacity 880K, committed 896K, reserved 1048576K
Event: 6.390 GC heap after
Heap after GC invocations=15 (full 0):
 PSYoungGen      total 19968K, used 1471K [0x00000000d6100000, 0x00000000d8180000, 0x0000000100000000)
  eden space 17408K, 0% used [0x00000000d6100000,0x00000000d6100000,0x00000000d7200000)
  from space 2560K, 57% used [0x00000000d7200000,0x00000000d736fd10,0x00000000d7480000)
  to   space 2560K, 0% used [0x00000000d7f00000,0x00000000d7f00000,0x00000000d8180000)
 ParOldGen       total 127488K, used 54895K [0x0000000082200000, 0x0000000089e80000, 0x00000000d6100000)
  object space 127488K, 43% used [0x0000000082200000,0x000000008579bfb0,0x0000000089e80000)
 Metaspace       used 8753K, capacity 8871K, committed 9088K, reserved 1056768K
  class space    used 845K, capacity 880K, committed 896K, reserved 1048576K
}
Event: 6.576 GC heap before
{Heap before GC invocations=16 (full 0):
 PSYoungGen      total 19968K, used 18879K [0x00000000d6100000, 0x00000000d8180000, 0x0000000100000000)
  eden space 17408K, 100% used [0x00000000d6100000,0x00000000d7200000,0x00000000d7200000)
  from space 2560K, 57% used [0x00000000d7200000,0x00000000d736fd10,0x00000000d7480000)
  to   space 2560K, 0% used [0x00000000d7f00000,0x00000000d7f00000,0x00000000d8180000)
 ParOldGen       total 127488K, used 54895K [0x0000000082200000, 0x0000000089e80000, 0x00000000d6100000)
  object space 127488K, 43% used [0x0000000082200000,0x000000008579bfb0,0x0000000089e80000)
 Metaspace       used 8848K, capacity 8941K, committed 9088K, reserved 1056768K
  class space    used 854K, capacity 881K, committed 896K, reserved 1048576K
Event: 6.579 GC heap after
Heap after GC invocations=16 (full 0):
 PSYoungGen      total 30720K, used 1375K [0x00000000d6100000, 0x00000000d8180000, 0x0000000100000000)
  eden space 28160K, 0% used [0x00000000d6100000,0x00000000d6100000,0x00000000d7c80000)
  from space 2560K, 53% used [0x00000000d7f00000,0x00000000d8057d10,0x00000000d8180000)
  to   space 2560K, 0% used [0x00000000d7c80000,0x00000000d7c80000,0x00000000d7f00000)
 ParOldGen       total 127488K, used 56311K [0x0000000082200000, 0x0000000089e80000, 0x00000000d6100000)
  object space 127488K, 44% used [0x0000000082200000,0x00000000858fdcc0,0x0000000089e80000)
 Metaspace       used 8848K, capacity 8941K, committed 9088K, reserved 1056768K
  class space    used 854K, capacity 881K, committed 896K, reserved 1048576K
}

